app/build/intermediates/manifest_merge_blame_file/debug/manifest-merger-blame-debug-report.txt
1<?xml version="1.0" encoding="utf-8"?>
2<manifest xmlns:android="http://schemas.android.com/apk/res/android"
3    package="com.lecturadorv2.android.applecturador"
4    android:versionCode="2"
5    android:versionName="1.1" >
6
7    <uses-sdk
8        android:minSdkVersion="16"
8-->src\main\AndroidManifest.xml
9        android:targetSdkVersion="16" />
9-->src\main\AndroidManifest.xml
10
11    <uses-permission android:name="android.permission.INTERNET" />
11-->src\main\AndroidManifest.xml:6:5-67
11-->src\main\AndroidManifest.xml:6:22-64
12    <uses-permission android:name="android.permission.ACCESS_NETWORK_STATE" />
12-->src\main\AndroidManifest.xml:7:5-79
12-->src\main\AndroidManifest.xml:7:22-76
13    <uses-permission android:name="android.permission.ACCESS_FINE_LOCATION" />
13-->src\main\AndroidManifest.xml:8:5-79
13-->src\main\AndroidManifest.xml:8:22-76
14    <uses-permission android:name="android.permission.WRITE_EXTERNAL_STORAGE" />
14-->src\main\AndroidManifest.xml:9:5-81
14-->src\main\AndroidManifest.xml:9:22-78
15    <uses-permission android:name="android.permission.ACCESS_COARSE_LOCATION" />
15-->src\main\AndroidManifest.xml:10:5-81
15-->src\main\AndroidManifest.xml:10:22-78
16    <uses-permission android:name="android.permission.BLUETOOTH_ADMIN" />
16-->src\main\AndroidManifest.xml:11:5-74
16-->src\main\AndroidManifest.xml:11:22-71
17    <uses-permission android:name="android.permission.BLUETOOTH" />
17-->src\main\AndroidManifest.xml:12:5-68
17-->src\main\AndroidManifest.xml:12:22-65
18    <uses-permission android:name="android.permission.SYSTEM_ALERT_WINDOW" />
18-->src\main\AndroidManifest.xml:13:5-78
18-->src\main\AndroidManifest.xml:13:22-75
19    <uses-permission android:name="android.permission.ACCESS_LOCATION_EXTRA_COMMANDS" />
19-->src\main\AndroidManifest.xml:14:5-89
19-->src\main\AndroidManifest.xml:14:22-86
20
21    <supports-screens
21-->src\main\AndroidManifest.xml:16:5-22:40
22        android:anyDensity="true"
22-->src\main\AndroidManifest.xml:17:9-34
23        android:largeScreens="true"
23-->src\main\AndroidManifest.xml:18:9-36
24        android:normalScreens="true"
24-->src\main\AndroidManifest.xml:19:9-37
25        android:resizeable="true"
25-->src\main\AndroidManifest.xml:20:9-34
26        android:smallScreens="true"
26-->src\main\AndroidManifest.xml:21:9-36
27        android:xlargeScreens="true" />
27-->src\main\AndroidManifest.xml:22:9-37
28
29    <application
29-->src\main\AndroidManifest.xml:24:5-114:19
30        android:name="androidx.multidex.MultiDexApplication"
31        android:allowBackup="true"
31-->src\main\AndroidManifest.xml:25:9-35
32        android:appComponentFactory="androidx.core.app.CoreComponentFactory"
32-->[androidx.core:core:1.8.0] AndroidManifest.xml:24:18-86
33        android:debuggable="true"
34        android:icon="@mipmap/ic_launcher"
34-->src\main\AndroidManifest.xml:26:9-43
35        android:label="@string/app_name"
35-->src\main\AndroidManifest.xml:27:9-41
36        android:theme="@style/AppTheme" >
36-->src\main\AndroidManifest.xml:28:9-40
37        <activity
37-->src\main\AndroidManifest.xml:31:9-35:59
38            android:name="com.lecturadorv2.android.applecturador.EditLectura"
38-->src\main\AndroidManifest.xml:32:13-40
39            android:exported="false"
39-->src\main\AndroidManifest.xml:33:13-37
40            android:label="@string/title_activity_edit_lectura"
40-->src\main\AndroidManifest.xml:34:13-64
41            android:theme="@style/AppTheme.NoActionBar" />
41-->src\main\AndroidManifest.xml:35:13-56
42        <activity
42-->src\main\AndroidManifest.xml:36:9-44:20
43            android:name="com.lecturadorv2.android.applecturador.MenuPrincipal"
43-->src\main\AndroidManifest.xml:37:13-42
44            android:label="@string/app_name" >
44-->src\main\AndroidManifest.xml:38:13-45
45            <intent-filter>
45-->src\main\AndroidManifest.xml:39:13-43:29
46                <action android:name="android.intent.action.MAIN" />
46-->src\main\AndroidManifest.xml:40:17-69
46-->src\main\AndroidManifest.xml:40:25-66
47
48                <category android:name="android.intent.category.LAUNCHER" />
48-->src\main\AndroidManifest.xml:42:17-77
48-->src\main\AndroidManifest.xml:42:27-74
49            </intent-filter>
50        </activity>
51        <activity
51-->src\main\AndroidManifest.xml:45:9-52:20
52            android:name="com.lecturadorv2.android.applecturador.ListaMedidores"
52-->src\main\AndroidManifest.xml:46:13-43
53            android:label="@string/title_activity_lista_medidores"
53-->src\main\AndroidManifest.xml:47:13-67
54            android:parentActivityName="com.lecturadorv2.android.applecturador.MenuPrincipal" >
54-->src\main\AndroidManifest.xml:48:13-56
55            <meta-data
55-->src\main\AndroidManifest.xml:49:13-51:88
56                android:name="android.support.PARENT_ACTIVITY"
56-->src\main\AndroidManifest.xml:50:17-63
57                android:value="com.lecturadorv2.android.applecturador.MenuPrincipal" />
57-->src\main\AndroidManifest.xml:51:17-85
58        </activity>
59        <activity
59-->src\main\AndroidManifest.xml:53:9-60:20
60            android:name="com.lecturadorv2.android.applecturador.RealizarLecturacion"
60-->src\main\AndroidManifest.xml:54:13-48
61            android:label="@string/title_activity_realizar_lecturacion"
61-->src\main\AndroidManifest.xml:55:13-72
62            android:parentActivityName="com.lecturadorv2.android.applecturador.ListaMedidores" >
62-->src\main\AndroidManifest.xml:56:13-57
63            <meta-data
63-->src\main\AndroidManifest.xml:49:13-51:88
64                android:name="android.support.PARENT_ACTIVITY"
64-->src\main\AndroidManifest.xml:50:17-63
65                android:value="com.lecturadorv2.android.applecturador.ListaMedidores" />
65-->src\main\AndroidManifest.xml:51:17-85
66        </activity>
67        <activity
67-->src\main\AndroidManifest.xml:61:9-63:76
68            android:name="com.lecturadorv2.android.applecturador.LecturacionBluetooth"
68-->src\main\AndroidManifest.xml:62:13-49
69            android:label="@string/title_activity_lecturacion_bluetooth" />
69-->src\main\AndroidManifest.xml:63:13-73
70        <activity
70-->src\main\AndroidManifest.xml:64:9-72:20
71            android:name="com.lecturadorv2.android.applecturador.AjustsActivity"
71-->src\main\AndroidManifest.xml:65:13-43
72            android:label="@string/title_activity_ajusts"
72-->src\main\AndroidManifest.xml:66:13-58
73            android:parentActivityName="com.lecturadorv2.android.applecturador.MenuPrincipal"
73-->src\main\AndroidManifest.xml:67:13-56
74            android:theme="@style/AppTheme.NoActionBar" >
74-->src\main\AndroidManifest.xml:68:13-56
75            <meta-data
75-->src\main\AndroidManifest.xml:49:13-51:88
76                android:name="android.support.PARENT_ACTIVITY"
76-->src\main\AndroidManifest.xml:50:17-63
77                android:value="com.lecturadorv2.android.applecturador.MenuPrincipal" />
77-->src\main\AndroidManifest.xml:51:17-85
78        </activity>
79        <activity
79-->src\main\AndroidManifest.xml:73:9-80:20
80            android:name="com.lecturadorv2.android.applecturador.DownloadActivity"
80-->src\main\AndroidManifest.xml:74:13-45
81            android:label="@string/title_activity_download"
81-->src\main\AndroidManifest.xml:75:13-60
82            android:parentActivityName="com.lecturadorv2.android.applecturador.MenuPrincipal" >
82-->src\main\AndroidManifest.xml:76:13-56
83            <meta-data
83-->src\main\AndroidManifest.xml:49:13-51:88
84                android:name="android.support.PARENT_ACTIVITY"
84-->src\main\AndroidManifest.xml:50:17-63
85                android:value="com.lecturadorv2.android.applecturador.MenuPrincipal" />
85-->src\main\AndroidManifest.xml:51:17-85
86        </activity>
87        <!--
88 ATTENTION: This was auto-generated to add Google Play services to your project for
89     App Indexing.  See https://g.co/AppIndexing/AndroidStudio for more information.
90
91        <meta-data
92            android:name="com.google.android.gms.version"
93            android:value="@integer/google_play_services_version" />
94        -->
95        <activity
95-->src\main\AndroidManifest.xml:89:9-97:20
96            android:name="com.lecturadorv2.android.applecturador.SyncActivity"
96-->src\main\AndroidManifest.xml:90:13-41
97            android:label="@string/title_activity_sync"
97-->src\main\AndroidManifest.xml:91:13-56
98            android:parentActivityName="com.lecturadorv2.android.applecturador.MenuPrincipal"
98-->src\main\AndroidManifest.xml:92:13-56
99            android:theme="@style/AppTheme.NoActionBar" >
99-->src\main\AndroidManifest.xml:93:13-56
100            <meta-data
100-->src\main\AndroidManifest.xml:49:13-51:88
101                android:name="android.support.PARENT_ACTIVITY"
101-->src\main\AndroidManifest.xml:50:17-63
102                android:value="com.lecturadorv2.android.applecturador.MenuPrincipal" />
102-->src\main\AndroidManifest.xml:51:17-85
103        </activity>
104        <activity
104-->src\main\AndroidManifest.xml:98:9-105:20
105            android:name="com.lecturadorv2.android.applecturador.AjustesActivity"
105-->src\main\AndroidManifest.xml:99:13-44
106            android:label="@string/title_activity_ajustes"
106-->src\main\AndroidManifest.xml:100:13-59
107            android:parentActivityName="com.lecturadorv2.android.applecturador.MenuPrincipal" >
107-->src\main\AndroidManifest.xml:101:13-56
108            <meta-data
108-->src\main\AndroidManifest.xml:49:13-51:88
109                android:name="android.support.PARENT_ACTIVITY"
109-->src\main\AndroidManifest.xml:50:17-63
110                android:value="com.lecturadorv2.android.applecturador.MenuPrincipal" />
110-->src\main\AndroidManifest.xml:51:17-85
111        </activity>
112        <activity
112-->src\main\AndroidManifest.xml:106:9-113:20
113            android:name="com.lecturadorv2.android.applecturador.ReImprimir"
113-->src\main\AndroidManifest.xml:107:13-39
114            android:label="@string/title_activity_reprint"
114-->src\main\AndroidManifest.xml:108:13-59
115            android:parentActivityName="com.lecturadorv2.android.applecturador.ListaMedidores" >
115-->src\main\AndroidManifest.xml:109:13-57
116            <meta-data
116-->src\main\AndroidManifest.xml:49:13-51:88
117                android:name="android.support.PARENT_ACTIVITY"
117-->src\main\AndroidManifest.xml:50:17-63
118                android:value="com.lecturadorv2.android.applecturador.ListaMedidores" />
118-->src\main\AndroidManifest.xml:51:17-85
119        </activity>
120
121        <uses-library
121-->[androidx.window:window:1.0.0] AndroidManifest.xml:25:9-27:40
122            android:name="androidx.window.extensions"
122-->[androidx.window:window:1.0.0] AndroidManifest.xml:26:13-54
123            android:required="false" />
123-->[androidx.window:window:1.0.0] AndroidManifest.xml:27:13-37
124        <uses-library
124-->[androidx.window:window:1.0.0] AndroidManifest.xml:28:9-30:40
125            android:name="androidx.window.sidecar"
125-->[androidx.window:window:1.0.0] AndroidManifest.xml:29:13-51
126            android:required="false" />
126-->[androidx.window:window:1.0.0] AndroidManifest.xml:30:13-37
127    </application>
128
129</manifest>